# JRE version: OpenJDK Runtime Environment Zulu17.64+15-CA (17.0.18+8) (build 17.0.18+8-LTS)
# Java VM: OpenJDK 64-Bit Server VM Zulu17.64+15-CA (17.0.18+8-LTS, mixed mode, sharing, tiered, compressed oops, compressed class ptrs, g1 gc, windows-amd64)
GC Precious Log:
 CPUs: 4 total, 4 available
 Memory: 3519M
 Large Page Support: Disabled
 NUMA Support: Disabled
 Compressed Oops: Enabled (32-bit)
 Heap Region Size: 1M
 Heap Min Capacity: 8M
 Heap Initial Capacity: 56M
 Heap Max Capacity: 880M
 Pre-touch: Disabled
 Parallel Workers: 4
 Concurrent Workers: 1
 Concurrent Refinement Workers: 4
 Periodic GC: Disabled
Heap:
 garbage-first heap   total 45056K, used 20504K [0x00000000c9000000, 0x0000000100000000)
  region size 1024K, 9 young (9216K), 2 survivors (2048K)
 Metaspace       used 24732K, committed 24960K, reserved 1114112K
  class space    used 2860K, committed 2944K, reserved 1048576K
GC Heap History (18 events):
Event: 2.107 GC heap before
{Heap before GC invocations=0 (full 0):
 garbage-first heap   total 57344K, used 13312K [0x00000000c9000000, 0x0000000100000000)
  region size 1024K, 13 young (13312K), 0 survivors (0K)
 Metaspace       used 3508K, committed 3584K, reserved 1114112K
  class space    used 364K, committed 384K, reserved 1048576K
}
Event: 2.122 GC heap after
{Heap after GC invocations=1 (full 0):
 garbage-first heap   total 57344K, used 3480K [0x00000000c9000000, 0x0000000100000000)
  region size 1024K, 2 young (2048K), 2 survivors (2048K)
 Metaspace       used 3508K, committed 3584K, reserved 1114112K
  class space    used 364K, committed 384K, reserved 1048576K
}
Event: 2.971 GC heap before
{Heap before GC invocations=1 (full 0):
 garbage-first heap   total 57344K, used 14744K [0x00000000c9000000, 0x0000000100000000)
  region size 1024K, 13 young (13312K), 2 survivors (2048K)
 Metaspace       used 5539K, committed 5696K, reserved 1114112K
  class space    used 663K, committed 768K, reserved 1048576K
}
Event: 2.979 GC heap after
{Heap after GC invocations=2 (full 0):
 garbage-first heap   total 57344K, used 3848K [0x00000000c9000000, 0x0000000100000000)
  region size 1024K, 1 young (1024K), 1 survivors (1024K)
 Metaspace       used 5539K, committed 5696K, reserved 1114112K
  class space    used 663K, committed 768K, reserved 1048576K
}
Event: 5.862 GC heap before
{Heap before GC invocations=2 (full 0):
 garbage-first heap   total 57344K, used 26376K [0x00000000c9000000, 0x0000000100000000)
  region size 1024K, 23 young (23552K), 1 survivors (1024K)
 Metaspace       used 8180K, committed 8320K, reserved 1114112K
  class space    used 973K, committed 1024K, reserved 1048576K
}
Event: 5.870 GC heap after
{Heap after GC invocations=3 (full 0):
 garbage-first heap   total 57344K, used 4599K [0x00000000c9000000, 0x0000000100000000)
  region size 1024K, 2 young (2048K), 2 survivors (2048K)
 Metaspace       used 8180K, committed 8320K, reserved 1114112K
  class space    used 973K, committed 1024K, reserved 1048576K
}
Event: 12.205 GC heap before
{Heap before GC invocations=3 (full 0):
 garbage-first heap   total 57344K, used 36343K [0x00000000c9000000, 0x0000000100000000)
  region size 1024K, 33 young (33792K), 2 survivors (2048K)
 Metaspace       used 14562K, committed 14784K, reserved 1114112K
  class space    used 1791K, committed 1856K, reserved 1048576K
}
Event: 12.228 GC heap after
{Heap after GC invocations=4 (full 0):
 garbage-first heap   total 57344K, used 7445K [0x00000000c9000000, 0x0000000100000000)
  region size 1024K, 5 young (5120K), 5 survivors (5120K)
 Metaspace       used 14562K, committed 14784K, reserved 1114112K
  class space    used 1791K, committed 1856K, reserved 1048576K
}
Event: 23.922 GC heap before
{Heap before GC invocations=4 (full 0):
 garbage-first heap   total 57344K, used 26901K [0x00000000c9000000, 0x0000000100000000)
  region size 1024K, 25 young (25600K), 5 survivors (5120K)
 Metaspace       used 21330K, committed 21504K, reserved 1114112K
  class space    used 2605K, committed 2688K, reserved 1048576K
}
Event: 23.972 GC heap after
{Heap after GC invocations=5 (full 0):
 garbage-first heap   total 57344K, used 11090K [0x00000000c9000000, 0x0000000100000000)
  region size 1024K, 4 young (4096K), 4 survivors (4096K)
 Metaspace       used 21330K, committed 21504K, reserved 1114112K
  class space    used 2605K, committed 2688K, reserved 1048576K
}
Event: 38.602 GC heap before
{Heap before GC invocations=6 (full 0):
 garbage-first heap   total 45056K, used 33618K [0x00000000c9000000, 0x0000000100000000)
  region size 1024K, 26 young (26624K), 4 survivors (4096K)
 Metaspace       used 23837K, committed 24128K, reserved 1114112K
  class space    used 2835K, committed 2944K, reserved 1048576K
}
Event: 38.625 GC heap after
{Heap after GC invocations=7 (full 0):
 garbage-first heap   total 45056K, used 12705K [0x00000000c9000000, 0x0000000100000000)
  region size 1024K, 2 young (2048K), 2 survivors (2048K)
 Metaspace       used 23837K, committed 24128K, reserved 1114112K
  class space    used 2835K, committed 2944K, reserved 1048576K
}
Event: 39.362 GC heap before
{Heap before GC invocations=7 (full 0):
 garbage-first heap   total 45056K, used 13729K [0x00000000c9000000, 0x0000000100000000)
  region size 1024K, 3 young (3072K), 2 survivors (2048K)
 Metaspace       used 23857K, committed 24128K, reserved 1114112K
  class space    used 2836K, committed 2944K, reserved 1048576K
}
Event: 39.379 GC heap after
{Heap after GC invocations=8 (full 0):
 garbage-first heap   total 45056K, used 13356K [0x00000000c9000000, 0x0000000100000000)
  region size 1024K, 1 young (1024K), 1 survivors (1024K)
 Metaspace       used 23857K, committed 24128K, reserved 1114112K
  class space    used 2836K, committed 2944K, reserved 1048576K
}
Event: 48.563 GC heap before
{Heap before GC invocations=8 (full 0):
 garbage-first heap   total 45056K, used 31788K [0x00000000c9000000, 0x0000000100000000)
  region size 1024K, 19 young (19456K), 1 survivors (1024K)
 Metaspace       used 24204K, committed 24448K, reserved 1114112K
  class space    used 2837K, committed 2944K, reserved 1048576K
}
Event: 48.569 GC heap after
{Heap after GC invocations=9 (full 0):
 garbage-first heap   total 45056K, used 13550K [0x00000000c9000000, 0x0000000100000000)
  region size 1024K, 1 young (1024K), 1 survivors (1024K)
 Metaspace       used 24204K, committed 24448K, reserved 1114112K
  class space    used 2837K, committed 2944K, reserved 1048576K
}
Event: 60.352 GC heap before
{Heap before GC invocations=9 (full 0):
 garbage-first heap   total 45056K, used 33006K [0x00000000c9000000, 0x0000000100000000)
  region size 1024K, 20 young (20480K), 1 survivors (1024K)
 Metaspace       used 24703K, committed 24896K, reserved 1114112K
  class space    used 2860K, committed 2944K, reserved 1048576K
}
Event: 60.376 GC heap after
{Heap after GC invocations=10 (full 0):
 garbage-first heap   total 45056K, used 14360K [0x00000000c9000000, 0x0000000100000000)
  region size 1024K, 2 young (2048K), 2 survivors (2048K)
 Metaspace       used 24703K, committed 24896K, reserved 1114112K
  class space    used 2860K, committed 2944K, reserved 1048576K
}

